mode: set
github.com/danilotadeu/products/app/product/product.go:26.41,30.2 1 0
github.com/danilotadeu/products/app/product/product.go:32.100,34.16 2 0
github.com/danilotadeu/products/app/product/product.go:34.16,37.3 2 0
github.com/danilotadeu/products/app/product/product.go:39.2,39.16 1 0
github.com/danilotadeu/products/app/product/product.go:42.92,44.16 2 0
github.com/danilotadeu/products/app/product/product.go:44.16,47.3 2 0
github.com/danilotadeu/products/app/product/product.go:49.2,49.12 1 0
github.com/danilotadeu/products/app/product/product.go:52.94,54.16 2 0
github.com/danilotadeu/products/app/product/product.go:54.16,57.3 2 0
github.com/danilotadeu/products/app/product/product.go:59.2,59.21 1 0
github.com/danilotadeu/products/app/product/product.go:62.123,64.16 2 0
github.com/danilotadeu/products/app/product/product.go:64.16,67.3 2 0
github.com/danilotadeu/products/app/product/product.go:69.2,69.23 1 0
github.com/danilotadeu/products/app/product/product.go:69.23,71.3 1 0
github.com/danilotadeu/products/app/product/product.go:73.2,74.35 2 0
github.com/danilotadeu/products/app/product/product.go:74.35,76.3 1 0
github.com/danilotadeu/products/app/product/product.go:78.2,78.21 1 0
github.com/danilotadeu/products/app/product/product.go:81.70,83.16 2 0
github.com/danilotadeu/products/app/product/product.go:83.16,86.3 2 0
github.com/danilotadeu/products/app/product/product.go:88.2,89.16 2 0
github.com/danilotadeu/products/app/product/product.go:89.16,92.3 2 0
github.com/danilotadeu/products/app/product/product.go:93.2,93.12 1 0
github.com/danilotadeu/products/app/product/product.go:96.73,98.16 2 0
github.com/danilotadeu/products/app/product/product.go:98.16,101.3 2 0
github.com/danilotadeu/products/app/product/product.go:102.2,102.19 1 0
github.com/danilotadeu/products/api/product/product.go:24.80,35.2 6 0
github.com/danilotadeu/products/api/product/product.go:50.53,53.47 3 0
github.com/danilotadeu/products/api/product/product.go:53.47,58.3 2 0
github.com/danilotadeu/products/api/product/product.go:60.2,61.16 2 0
github.com/danilotadeu/products/api/product/product.go:61.16,66.3 2 0
github.com/danilotadeu/products/api/product/product.go:68.2,69.16 2 0
github.com/danilotadeu/products/api/product/product.go:69.16,74.3 2 0
github.com/danilotadeu/products/api/product/product.go:76.2,76.74 1 0
github.com/danilotadeu/products/api/product/product.go:92.53,95.16 3 0
github.com/danilotadeu/products/api/product/product.go:95.16,100.3 2 0
github.com/danilotadeu/products/api/product/product.go:102.2,103.47 2 0
github.com/danilotadeu/products/api/product/product.go:103.47,108.3 2 0
github.com/danilotadeu/products/api/product/product.go:110.2,111.16 2 0
github.com/danilotadeu/products/api/product/product.go:111.16,116.3 2 0
github.com/danilotadeu/products/api/product/product.go:118.2,120.16 3 0
github.com/danilotadeu/products/api/product/product.go:120.16,125.3 2 0
github.com/danilotadeu/products/api/product/product.go:127.2,127.77 1 0
github.com/danilotadeu/products/api/product/product.go:142.47,145.16 3 1
github.com/danilotadeu/products/api/product/product.go:145.16,150.3 2 1
github.com/danilotadeu/products/api/product/product.go:152.2,154.16 3 1
github.com/danilotadeu/products/api/product/product.go:154.16,156.56 2 1
github.com/danilotadeu/products/api/product/product.go:156.56,160.4 1 1
github.com/danilotadeu/products/api/product/product.go:161.3,163.5 1 1
github.com/danilotadeu/products/api/product/product.go:166.2,166.45 1 1
github.com/danilotadeu/products/api/product/product.go:181.53,184.16 3 1
github.com/danilotadeu/products/api/product/product.go:184.16,189.3 2 1
github.com/danilotadeu/products/api/product/product.go:191.2,193.16 3 1
github.com/danilotadeu/products/api/product/product.go:193.16,195.56 2 1
github.com/danilotadeu/products/api/product/product.go:195.56,199.4 1 1
github.com/danilotadeu/products/api/product/product.go:200.3,202.5 1 1
github.com/danilotadeu/products/api/product/product.go:205.2,205.50 1 1
github.com/danilotadeu/products/api/product/product.go:222.48,227.20 4 1
github.com/danilotadeu/products/api/product/product.go:227.20,229.17 2 1
github.com/danilotadeu/products/api/product/product.go:229.17,234.4 2 1
github.com/danilotadeu/products/api/product/product.go:235.3,235.21 1 1
github.com/danilotadeu/products/api/product/product.go:238.2,241.19 3 1
github.com/danilotadeu/products/api/product/product.go:241.19,243.17 2 1
github.com/danilotadeu/products/api/product/product.go:243.17,248.4 2 1
github.com/danilotadeu/products/api/product/product.go:249.3,249.19 1 1
github.com/danilotadeu/products/api/product/product.go:252.2,255.16 3 1
github.com/danilotadeu/products/api/product/product.go:255.16,257.56 2 1
github.com/danilotadeu/products/api/product/product.go:257.56,261.4 1 1
github.com/danilotadeu/products/api/product/product.go:263.3,265.5 1 1
github.com/danilotadeu/products/api/product/product.go:268.2,271.16 3 1
github.com/danilotadeu/products/api/product/product.go:271.16,272.57 1 1
github.com/danilotadeu/products/api/product/product.go:272.57,277.4 2 1
github.com/danilotadeu/products/api/product/product.go:278.3,278.17 1 1
github.com/danilotadeu/products/api/product/product.go:281.2,282.16 2 1
github.com/danilotadeu/products/api/product/product.go:282.16,287.3 2 1
github.com/danilotadeu/products/api/product/product.go:289.2,296.4 1 1
